<?xml version="1.0" encoding="UTF-8"?>
<!-- Generated by org.testng.reporters.JUnitReportReporter -->
<testsuite skipped="0" hostname="LKSRIWL-DYFG2X2" name="com.qe.daraz.TestObjects.DarazTest" tests="2" failures="1" timestamp="2021-11-10T19:29:16 IST" time="92.943" errors="0">
  <testcase name="verifyFromTheSameStroeItemCount" time="61.496" classname="com.qe.daraz.TestObjects.DarazTest">
    <failure type="java.lang.AssertionError" message="same store item count not matched expected [4] but found [0]">
      <![CDATA[java.lang.AssertionError: same store item count not matched expected [4] but found [0]
at org.testng.Assert.fail(Assert.java:97)
at org.testng.Assert.assertEqualsImpl(Assert.java:136)
at org.testng.Assert.assertEquals(Assert.java:118)
at org.testng.Assert.assertEquals(Assert.java:839)
at com.qe.daraz.TestObjects.DarazTest.verifyFromTheSameStroeItemCount(DarazTest.java:53)
at sun.reflect.NativeMethodAccessorImpl.invoke0(Native Method)
at sun.reflect.NativeMethodAccessorImpl.invoke(NativeMethodAccessorImpl.java:62)
at sun.reflect.DelegatingMethodAccessorImpl.invoke(DelegatingMethodAccessorImpl.java:43)
at java.lang.reflect.Method.invoke(Method.java:498)
at org.testng.internal.MethodInvocationHelper.invokeMethod(MethodInvocationHelper.java:133)
at org.testng.internal.TestInvoker.invokeMethod(TestInvoker.java:584)
at org.testng.internal.TestInvoker.invokeTestMethod(TestInvoker.java:172)
at org.testng.internal.MethodRunner.runInSequence(MethodRunner.java:46)
at org.testng.internal.TestInvoker$MethodInvocationAgent.invoke(TestInvoker.java:804)
at org.testng.internal.TestInvoker.invokeTestMethods(TestInvoker.java:145)
at org.testng.internal.TestMethodWorker.invokeTestMethods(TestMethodWorker.java:146)
at org.testng.internal.TestMethodWorker.run(TestMethodWorker.java:128)
at java.util.concurrent.ThreadPoolExecutor.runWorker(ThreadPoolExecutor.java:1149)
at java.util.concurrent.ThreadPoolExecutor$Worker.run(ThreadPoolExecutor.java:624)
at java.lang.Thread.run(Thread.java:748)
]]>
    </failure>
  </testcase> <!-- verifyFromTheSameStroeItemCount -->
  <testcase name="verifyFromTheSameStroeItemPriceRange" time="31.447" classname="com.qe.daraz.TestObjects.DarazTest"/>
</testsuite> <!-- com.qe.daraz.TestObjects.DarazTest -->
